# JRE version: OpenJDK Runtime Environment (17.0.10) (build 17.0.10+0--11609105)
# Java VM: OpenJDK 64-Bit Server VM (17.0.10+0--11609105, mixed mode, tiered, compressed oops, compressed class ptrs, g1 gc, windows-amd64)
GC Precious Log:
 CPUs: 8 total, 8 available
 Memory: 7778M
 Large Page Support: Disabled
 NUMA Support: Disabled
 Compressed Oops: Enabled (32-bit)
 Heap Region Size: 1M
 Heap Min Capacity: 8M
 Heap Initial Capacity: 122M
 Heap Max Capacity: 2G
 Pre-touch: Disabled
 Parallel Workers: 8
 Concurrent Workers: 2
 Concurrent Refinement Workers: 8
 Periodic GC: Disabled
Heap:
 garbage-first heap   total 353280K, used 163145K [0x0000000080000000, 0x0000000100000000)
  region size 1024K, 8 young (8192K), 8 survivors (8192K)
 Metaspace       used 146899K, committed 148480K, reserved 1179648K
  class space    used 20155K, committed 20928K, reserved 1048576K
GC Heap History (20 events):
Event: 1430.689 GC heap after
{Heap after GC invocations=53 (full 0):
 garbage-first heap   total 311296K, used 168650K [0x0000000080000000, 0x0000000100000000)
  region size 1024K, 7 young (7168K), 7 survivors (7168K)
 Metaspace       used 138972K, committed 140096K, reserved 1179648K
  class space    used 19031K, committed 19584K, reserved 1048576K
}
Event: 1430.781 GC heap before
{Heap before GC invocations=53 (full 0):
 garbage-first heap   total 311296K, used 176842K [0x0000000080000000, 0x0000000100000000)
  region size 1024K, 15 young (15360K), 7 survivors (7168K)
 Metaspace       used 139529K, committed 140608K, reserved 1179648K
  class space    used 19115K, committed 19648K, reserved 1048576K
}
Event: 1430.840 GC heap after
{Heap after GC invocations=54 (full 0):
 garbage-first heap   total 311296K, used 139983K [0x0000000080000000, 0x0000000100000000)
  region size 1024K, 2 young (2048K), 2 survivors (2048K)
 Metaspace       used 139529K, committed 140608K, reserved 1179648K
  class space    used 19115K, committed 19648K, reserved 1048576K
}
Event: 1430.961 GC heap before
{Heap before GC invocations=54 (full 0):
 garbage-first heap   total 311296K, used 152271K [0x0000000080000000, 0x0000000100000000)
  region size 1024K, 15 young (15360K), 2 survivors (2048K)
 Metaspace       used 140139K, committed 141376K, reserved 1179648K
  class space    used 19192K, committed 19776K, reserved 1048576K
}
Event: 1430.979 GC heap after
{Heap after GC invocations=55 (full 0):
 garbage-first heap   total 311296K, used 132392K [0x0000000080000000, 0x0000000100000000)
  region size 1024K, 1 young (1024K), 1 survivors (1024K)
 Metaspace       used 140139K, committed 141376K, reserved 1179648K
  class space    used 19192K, committed 19776K, reserved 1048576K
}
Event: 1468.403 GC heap before
{Heap before GC invocations=55 (full 0):
 garbage-first heap   total 311296K, used 298280K [0x0000000080000000, 0x0000000100000000)
  region size 1024K, 109 young (111616K), 1 survivors (1024K)
 Metaspace       used 144702K, committed 145856K, reserved 1179648K
  class space    used 19948K, committed 20544K, reserved 1048576K
}
Event: 1468.437 GC heap after
{Heap after GC invocations=56 (full 0):
 garbage-first heap   total 311296K, used 138446K [0x0000000080000000, 0x0000000100000000)
  region size 1024K, 7 young (7168K), 7 survivors (7168K)
 Metaspace       used 144702K, committed 145856K, reserved 1179648K
  class space    used 19948K, committed 20544K, reserved 1048576K
}
Event: 1482.974 GC heap before
{Heap before GC invocations=57 (full 0):
 garbage-first heap   total 311296K, used 255182K [0x0000000080000000, 0x0000000100000000)
  region size 1024K, 122 young (124928K), 7 survivors (7168K)
 Metaspace       used 145101K, committed 146368K, reserved 1179648K
  class space    used 19969K, committed 20608K, reserved 1048576K
}
Event: 1483.018 GC heap after
{Heap after GC invocations=58 (full 0):
 garbage-first heap   total 311296K, used 139560K [0x0000000080000000, 0x0000000100000000)
  region size 1024K, 8 young (8192K), 8 survivors (8192K)
 Metaspace       used 145101K, committed 146368K, reserved 1179648K
  class space    used 19969K, committed 20608K, reserved 1048576K
}
Event: 1483.350 GC heap before
{Heap before GC invocations=58 (full 0):
 garbage-first heap   total 311296K, used 146728K [0x0000000080000000, 0x0000000100000000)
  region size 1024K, 15 young (15360K), 8 survivors (8192K)
 Metaspace       used 145160K, committed 146432K, reserved 1179648K
  class space    used 19976K, committed 20608K, reserved 1048576K
}
Event: 1483.416 GC heap after
{Heap after GC invocations=59 (full 0):
 garbage-first heap   total 311296K, used 138163K [0x0000000080000000, 0x0000000100000000)
  region size 1024K, 2 young (2048K), 2 survivors (2048K)
 Metaspace       used 145160K, committed 146432K, reserved 1179648K
  class space    used 19976K, committed 20608K, reserved 1048576K
}
Event: 1509.271 GC heap before
{Heap before GC invocations=59 (full 0):
 garbage-first heap   total 311296K, used 257971K [0x0000000080000000, 0x0000000100000000)
  region size 1024K, 119 young (121856K), 2 survivors (2048K)
 Metaspace       used 145890K, committed 147328K, reserved 1179648K
  class space    used 20104K, committed 20800K, reserved 1048576K
}
Event: 1509.300 GC heap after
{Heap after GC invocations=60 (full 0):
 garbage-first heap   total 311296K, used 150363K [0x0000000080000000, 0x0000000100000000)
  region size 1024K, 14 young (14336K), 14 survivors (14336K)
 Metaspace       used 145890K, committed 147328K, reserved 1179648K
  class space    used 20104K, committed 20800K, reserved 1048576K
}
Event: 1514.182 GC heap before
{Heap before GC invocations=60 (full 0):
 garbage-first heap   total 311296K, used 270171K [0x0000000080000000, 0x0000000100000000)
  region size 1024K, 107 young (109568K), 14 survivors (14336K)
 Metaspace       used 146269K, committed 147776K, reserved 1179648K
  class space    used 20107K, committed 20800K, reserved 1048576K
}
Event: 1514.207 GC heap after
{Heap after GC invocations=61 (full 0):
 garbage-first heap   total 311296K, used 179694K [0x0000000080000000, 0x0000000100000000)
  region size 1024K, 5 young (5120K), 5 survivors (5120K)
 Metaspace       used 146269K, committed 147776K, reserved 1179648K
  class space    used 20107K, committed 20800K, reserved 1048576K
}
Event: 1532.243 GC heap before
{Heap before GC invocations=62 (full 0):
 garbage-first heap   total 353280K, used 290286K [0x0000000080000000, 0x0000000100000000)
  region size 1024K, 85 young (87040K), 5 survivors (5120K)
 Metaspace       used 146401K, committed 147904K, reserved 1179648K
  class space    used 20107K, committed 20800K, reserved 1048576K
}
Event: 1532.261 GC heap after
{Heap after GC invocations=63 (full 0):
 garbage-first heap   total 353280K, used 162589K [0x0000000080000000, 0x0000000100000000)
  region size 1024K, 11 young (11264K), 11 survivors (11264K)
 Metaspace       used 146401K, committed 147904K, reserved 1179648K
  class space    used 20107K, committed 20800K, reserved 1048576K
}
Event: 1532.317 GC heap before
{Heap before GC invocations=63 (full 0):
 garbage-first heap   total 353280K, used 167709K [0x0000000080000000, 0x0000000100000000)
  region size 1024K, 17 young (17408K), 11 survivors (11264K)
 Metaspace       used 146403K, committed 147904K, reserved 1179648K
  class space    used 20107K, committed 20800K, reserved 1048576K
}
Event: 1532.359 GC heap after
{Heap after GC invocations=64 (full 0):
 garbage-first heap   total 353280K, used 157468K [0x0000000080000000, 0x0000000100000000)
  region size 1024K, 2 young (2048K), 2 survivors (2048K)
 Metaspace       used 146403K, committed 147904K, reserved 1179648K
  class space    used 20107K, committed 20800K, reserved 1048576K
}
Event: 1840.575 GC heap before
{Heap before GC invocations=64 (full 0):
 garbage-first heap   total 353280K, used 334620K [0x0000000080000000, 0x0000000100000000)
  region size 1024K, 121 young (123904K), 2 survivors (2048K)
 Metaspace       used 146899K, committed 148480K, reserved 1179648K
  class space    used 20155K, committed 20928K, reserved 1048576K
}

